<?xml version="1.0" encoding="UTF-8"?>
<!-- Generated by org.testng.reporters.JUnitReportReporter -->
<testsuite hostname="DESKTOP-IPO79AE" failures="0" tests="1" name="git.May0305" time="0.031" errors="0" timestamp="03 May 2018 09:57:20 GMT" skipped="0">
  <testcase classname="git.May0305" name="naveen" time="0.031"/>
</testsuite> <!-- git.May0305 -->
